<?xml version="1.0" encoding="UTF-8"?>
<!-- Generated by org.testng.reporters.JUnitXMLReporter -->
<testsuite ignored="0" hostname="Celia" failures="0" tests="11" name="NinjaTest" time="63.596" errors="0" timestamp="2023-03-18T16:00:19 EDT">
  <testcase classname="qa.testCasesNinjaTutorials.Register" name="verifyRegistrationWithAllFields" time="1.416"/>
  <testcase classname="qa.testCasesNinjaTutorials.Register" name="verifyRegistrationWithMandatoryFields" time="1.261"/>
  <testcase classname="qa.testCasesNinjaTutorials.Register" name="verifyRegistrationWthoutenteringAnything" time="0.595"/>
  <testcase classname="qa.testCasesNinjaTutorials.LoginTest" name="verifyLoginWithValidCredential" time="1.772"/>
  <testcase classname="qa.testCasesNinjaTutorials.LoginTest" name="verifyLoginWithInvalidCredential" time="1.326"/>
  <testcase classname="qa.testCasesNinjaTutorials.LoginTest" name="verifyLoginWithInvalidEmailValidPass" time="0.702"/>
  <testcase classname="qa.testCasesNinjaTutorials.LoginTest" name="verifyLoginWithValidEmailInvalidPass" time="0.698"/>
  <testcase classname="qa.testCasesNinjaTutorials.LoginTest" name="verifyLoginWithoutcredential" time="0.606"/>
  <testcase classname="qa.testCasesNinjaTutorials.Search" name="VerifySearchWithValidProduct" time="0.726"/>
  <testcase classname="qa.testCasesNinjaTutorials.Search" name="VerifySearchWithInvalidProduct" time="0.575"/>
  <testcase classname="qa.testCasesNinjaTutorials.Search" name="VerifySearchWithoutAnyProduct" time="0.584"/>
</testsuite> <!-- NinjaTest -->
