<?xml version="1.0" encoding="UTF-8"?>
<testng-results ignored="0" total="11" passed="11" failed="0" skipped="0">
  <reporter-output>
  </reporter-output>
  <suite started-at="2023-03-18T15:59:15 EDT" name="NinjaTutorialSuite" finished-at="2023-03-18T16:00:19 EDT" duration-ms="63596">
    <groups>
    </groups>
    <test started-at="2023-03-18T15:59:15 EDT" name="NinjaTest" finished-at="2023-03-18T16:00:19 EDT" duration-ms="63596">
      <class name="qa.testCasesNinjaTutorials.Search">
        <test-method is-config="true" signature="before()[pri:0, instance:qa.testCasesNinjaTutorials.Search@6cf0e0ba]" started-at="2023-03-18T16:00:04 EDT" name="before" finished-at="2023-03-18T16:00:08 EDT" duration-ms="3744" status="PASS">
          <reporter-output>
          </reporter-output>
        </test-method> <!-- before -->
        <test-method signature="VerifySearchWithValidProduct()[pri:1, instance:qa.testCasesNinjaTutorials.Search@6cf0e0ba]" started-at="2023-03-18T16:00:08 EDT" name="VerifySearchWithValidProduct" finished-at="2023-03-18T16:00:09 EDT" duration-ms="726" status="PASS">
          <reporter-output>
          </reporter-output>
        </test-method> <!-- VerifySearchWithValidProduct -->
        <test-method is-config="true" signature="after()[pri:0, instance:qa.testCasesNinjaTutorials.Search@6cf0e0ba]" started-at="2023-03-18T16:00:09 EDT" name="after" finished-at="2023-03-18T16:00:09 EDT" duration-ms="591" status="PASS">
          <reporter-output>
          </reporter-output>
        </test-method> <!-- after -->
        <test-method is-config="true" signature="before()[pri:0, instance:qa.testCasesNinjaTutorials.Search@6cf0e0ba]" started-at="2023-03-18T16:00:09 EDT" name="before" finished-at="2023-03-18T16:00:13 EDT" duration-ms="3651" status="PASS">
          <reporter-output>
          </reporter-output>
        </test-method> <!-- before -->
        <test-method signature="VerifySearchWithInvalidProduct()[pri:2, instance:qa.testCasesNinjaTutorials.Search@6cf0e0ba]" started-at="2023-03-18T16:00:13 EDT" name="VerifySearchWithInvalidProduct" finished-at="2023-03-18T16:00:14 EDT" duration-ms="575" status="PASS">
          <reporter-output>
          </reporter-output>
        </test-method> <!-- VerifySearchWithInvalidProduct -->
        <test-method is-config="true" signature="after()[pri:0, instance:qa.testCasesNinjaTutorials.Search@6cf0e0ba]" started-at="2023-03-18T16:00:14 EDT" name="after" finished-at="2023-03-18T16:00:14 EDT" duration-ms="549" status="PASS">
          <reporter-output>
          </reporter-output>
        </test-method> <!-- after -->
        <test-method is-config="true" signature="before()[pri:0, instance:qa.testCasesNinjaTutorials.Search@6cf0e0ba]" started-at="2023-03-18T16:00:14 EDT" name="before" finished-at="2023-03-18T16:00:18 EDT" duration-ms="3785" status="PASS">
          <reporter-output>
          </reporter-output>
        </test-method> <!-- before -->
        <test-method signature="VerifySearchWithoutAnyProduct()[pri:3, instance:qa.testCasesNinjaTutorials.Search@6cf0e0ba]" started-at="2023-03-18T16:00:18 EDT" name="VerifySearchWithoutAnyProduct" finished-at="2023-03-18T16:00:18 EDT" duration-ms="584" status="PASS">
          <reporter-output>
          </reporter-output>
        </test-method> <!-- VerifySearchWithoutAnyProduct -->
        <test-method is-config="true" signature="after()[pri:0, instance:qa.testCasesNinjaTutorials.Search@6cf0e0ba]" started-at="2023-03-18T16:00:18 EDT" name="after" finished-at="2023-03-18T16:00:19 EDT" duration-ms="549" status="PASS">
          <reporter-output>
          </reporter-output>
        </test-method> <!-- after -->
      </class> <!-- qa.testCasesNinjaTutorials.Search -->
      <class name="qa.testCasesNinjaTutorials.Register">
        <test-method is-config="true" signature="before()[pri:0, instance:qa.testCasesNinjaTutorials.Register@5b239d7d]" started-at="2023-03-18T15:59:15 EDT" name="before" finished-at="2023-03-18T15:59:22 EDT" duration-ms="6607" status="PASS">
          <reporter-output>
          </reporter-output>
        </test-method> <!-- before -->
        <test-method signature="verifyRegistrationWithAllFields()[pri:0, instance:qa.testCasesNinjaTutorials.Register@5b239d7d]" started-at="2023-03-18T15:59:22 EDT" name="verifyRegistrationWithAllFields" finished-at="2023-03-18T15:59:23 EDT" duration-ms="1416" status="PASS">
          <reporter-output>
          </reporter-output>
        </test-method> <!-- verifyRegistrationWithAllFields -->
        <test-method is-config="true" signature="after()[pri:0, instance:qa.testCasesNinjaTutorials.Register@5b239d7d]" started-at="2023-03-18T15:59:23 EDT" name="after" finished-at="2023-03-18T15:59:24 EDT" duration-ms="629" status="PASS">
          <reporter-output>
          </reporter-output>
        </test-method> <!-- after -->
        <test-method is-config="true" signature="before()[pri:0, instance:qa.testCasesNinjaTutorials.Register@5b239d7d]" started-at="2023-03-18T15:59:24 EDT" name="before" finished-at="2023-03-18T15:59:28 EDT" duration-ms="4396" status="PASS">
          <reporter-output>
          </reporter-output>
        </test-method> <!-- before -->
        <test-method signature="verifyRegistrationWithMandatoryFields()[pri:0, instance:qa.testCasesNinjaTutorials.Register@5b239d7d]" started-at="2023-03-18T15:59:28 EDT" name="verifyRegistrationWithMandatoryFields" finished-at="2023-03-18T15:59:30 EDT" duration-ms="1261" status="PASS">
          <reporter-output>
          </reporter-output>
        </test-method> <!-- verifyRegistrationWithMandatoryFields -->
        <test-method is-config="true" signature="after()[pri:0, instance:qa.testCasesNinjaTutorials.Register@5b239d7d]" started-at="2023-03-18T15:59:30 EDT" name="after" finished-at="2023-03-18T15:59:30 EDT" duration-ms="587" status="PASS">
          <reporter-output>
          </reporter-output>
        </test-method> <!-- after -->
        <test-method is-config="true" signature="before()[pri:0, instance:qa.testCasesNinjaTutorials.Register@5b239d7d]" started-at="2023-03-18T15:59:30 EDT" name="before" finished-at="2023-03-18T15:59:35 EDT" duration-ms="4563" status="PASS">
          <reporter-output>
          </reporter-output>
        </test-method> <!-- before -->
        <test-method signature="verifyRegistrationWthoutenteringAnything()[pri:0, instance:qa.testCasesNinjaTutorials.Register@5b239d7d]" started-at="2023-03-18T15:59:35 EDT" name="verifyRegistrationWthoutenteringAnything" finished-at="2023-03-18T15:59:35 EDT" duration-ms="595" status="PASS">
          <reporter-output>
          </reporter-output>
        </test-method> <!-- verifyRegistrationWthoutenteringAnything -->
        <test-method is-config="true" signature="after()[pri:0, instance:qa.testCasesNinjaTutorials.Register@5b239d7d]" started-at="2023-03-18T15:59:35 EDT" name="after" finished-at="2023-03-18T15:59:36 EDT" duration-ms="649" status="PASS">
          <reporter-output>
          </reporter-output>
        </test-method> <!-- after -->
      </class> <!-- qa.testCasesNinjaTutorials.Register -->
      <class name="qa.testCasesNinjaTutorials.LoginTest">
        <test-method is-config="true" signature="before()[pri:0, instance:qa.testCasesNinjaTutorials.LoginTest@4f83df68]" started-at="2023-03-18T15:59:36 EDT" name="before" finished-at="2023-03-18T15:59:40 EDT" duration-ms="3922" status="PASS">
          <reporter-output>
          </reporter-output>
        </test-method> <!-- before -->
        <test-method signature="verifyLoginWithValidCredential()[pri:1, instance:qa.testCasesNinjaTutorials.LoginTest@4f83df68]" started-at="2023-03-18T15:59:40 EDT" name="verifyLoginWithValidCredential" finished-at="2023-03-18T15:59:42 EDT" duration-ms="1772" status="PASS">
          <reporter-output>
          </reporter-output>
        </test-method> <!-- verifyLoginWithValidCredential -->
        <test-method is-config="true" signature="After()[pri:0, instance:qa.testCasesNinjaTutorials.LoginTest@4f83df68]" started-at="2023-03-18T15:59:42 EDT" name="After" finished-at="2023-03-18T15:59:42 EDT" duration-ms="1" status="PASS">
          <reporter-output>
          </reporter-output>
        </test-method> <!-- After -->
        <test-method is-config="true" signature="before()[pri:0, instance:qa.testCasesNinjaTutorials.LoginTest@4f83df68]" started-at="2023-03-18T15:59:42 EDT" name="before" finished-at="2023-03-18T15:59:45 EDT" duration-ms="3626" status="PASS">
          <reporter-output>
          </reporter-output>
        </test-method> <!-- before -->
        <test-method signature="verifyLoginWithInvalidCredential()[pri:2, instance:qa.testCasesNinjaTutorials.LoginTest@4f83df68]" started-at="2023-03-18T15:59:45 EDT" name="verifyLoginWithInvalidCredential" finished-at="2023-03-18T15:59:47 EDT" duration-ms="1326" status="PASS">
          <reporter-output>
          </reporter-output>
        </test-method> <!-- verifyLoginWithInvalidCredential -->
        <test-method is-config="true" signature="After()[pri:0, instance:qa.testCasesNinjaTutorials.LoginTest@4f83df68]" started-at="2023-03-18T15:59:47 EDT" name="After" finished-at="2023-03-18T15:59:47 EDT" duration-ms="1" status="PASS">
          <reporter-output>
          </reporter-output>
        </test-method> <!-- After -->
        <test-method is-config="true" signature="before()[pri:0, instance:qa.testCasesNinjaTutorials.LoginTest@4f83df68]" started-at="2023-03-18T15:59:47 EDT" name="before" finished-at="2023-03-18T15:59:51 EDT" duration-ms="3911" status="PASS">
          <reporter-output>
          </reporter-output>
        </test-method> <!-- before -->
        <test-method signature="verifyLoginWithInvalidEmailValidPass()[pri:3, instance:qa.testCasesNinjaTutorials.LoginTest@4f83df68]" started-at="2023-03-18T15:59:51 EDT" name="verifyLoginWithInvalidEmailValidPass" finished-at="2023-03-18T15:59:51 EDT" duration-ms="702" status="PASS">
          <reporter-output>
          </reporter-output>
        </test-method> <!-- verifyLoginWithInvalidEmailValidPass -->
        <test-method is-config="true" signature="After()[pri:0, instance:qa.testCasesNinjaTutorials.LoginTest@4f83df68]" started-at="2023-03-18T15:59:51 EDT" name="After" finished-at="2023-03-18T15:59:52 EDT" duration-ms="589" status="PASS">
          <reporter-output>
          </reporter-output>
        </test-method> <!-- After -->
        <test-method is-config="true" signature="before()[pri:0, instance:qa.testCasesNinjaTutorials.LoginTest@4f83df68]" started-at="2023-03-18T15:59:52 EDT" name="before" finished-at="2023-03-18T15:59:56 EDT" duration-ms="3858" status="PASS">
          <reporter-output>
          </reporter-output>
        </test-method> <!-- before -->
        <test-method signature="verifyLoginWithValidEmailInvalidPass()[pri:4, instance:qa.testCasesNinjaTutorials.LoginTest@4f83df68]" started-at="2023-03-18T15:59:56 EDT" name="verifyLoginWithValidEmailInvalidPass" finished-at="2023-03-18T15:59:57 EDT" duration-ms="698" status="PASS">
          <reporter-output>
          </reporter-output>
        </test-method> <!-- verifyLoginWithValidEmailInvalidPass -->
        <test-method is-config="true" signature="After()[pri:0, instance:qa.testCasesNinjaTutorials.LoginTest@4f83df68]" started-at="2023-03-18T15:59:57 EDT" name="After" finished-at="2023-03-18T15:59:57 EDT" duration-ms="575" status="PASS">
          <reporter-output>
          </reporter-output>
        </test-method> <!-- After -->
        <test-method is-config="true" signature="before()[pri:0, instance:qa.testCasesNinjaTutorials.LoginTest@4f83df68]" started-at="2023-03-18T15:59:57 EDT" name="before" finished-at="2023-03-18T16:00:03 EDT" duration-ms="5932" status="PASS">
          <reporter-output>
          </reporter-output>
        </test-method> <!-- before -->
        <test-method signature="verifyLoginWithoutcredential()[pri:5, instance:qa.testCasesNinjaTutorials.LoginTest@4f83df68]" started-at="2023-03-18T16:00:03 EDT" name="verifyLoginWithoutcredential" finished-at="2023-03-18T16:00:04 EDT" duration-ms="606" status="PASS">
          <reporter-output>
          </reporter-output>
        </test-method> <!-- verifyLoginWithoutcredential -->
        <test-method is-config="true" signature="After()[pri:0, instance:qa.testCasesNinjaTutorials.LoginTest@4f83df68]" started-at="2023-03-18T16:00:04 EDT" name="After" finished-at="2023-03-18T16:00:04 EDT" duration-ms="560" status="PASS">
          <reporter-output>
          </reporter-output>
        </test-method> <!-- After -->
      </class> <!-- qa.testCasesNinjaTutorials.LoginTest -->
    </test> <!-- NinjaTest -->
  </suite> <!-- NinjaTutorialSuite -->
</testng-results>
